2018-04-29 11:41:28 ERROR LauncherView:682 - Error getting version information. Please check your network connection.
java.util.concurrent.ExecutionException: com.fasterxml.jackson.core.JsonParseException: Unexpected character ('<' (code 60)): expected a valid value (number, String, array, object, 'true', 'false' or 'null')
 at [Source: <br /><b>Parse error</b>:  syntax error, unexpected '.', expecting ')' in <b>/usr/www/jacklenhart/public/ServerQuery/USMCChaserLauncher.php</b> on line <b>14</b><br />; line: 1, column: 2]
	at java.util.concurrent.FutureTask$Sync.innerGet(FutureTask.java:222)
	at java.util.concurrent.FutureTask.get(FutureTask.java:83)
	at javax.swing.SwingWorker.get(SwingWorker.java:582)
	at com.usmcchaserlauncher.view.LauncherView$2.done(LauncherView.java:248)
	at javax.swing.SwingWorker$5.run(SwingWorker.java:717)
	at javax.swing.SwingWorker$DoSubmitAccumulativeRunnable.run(SwingWorker.java:814)
	at sun.swing.AccumulativeRunnable.run(AccumulativeRunnable.java:95)
	at javax.swing.SwingWorker$DoSubmitAccumulativeRunnable.actionPerformed(SwingWorker.java:824)
	at javax.swing.Timer.fireActionPerformed(Timer.java:291)
	at javax.swing.Timer$DoPostEvent.run(Timer.java:221)
	at java.awt.event.InvocationEvent.dispatch(InvocationEvent.java:209)
	at java.awt.EventQueue.dispatchEventImpl(EventQueue.java:672)
	at java.awt.EventQueue.access$400(EventQueue.java:81)
	at java.awt.EventQueue$2.run(EventQueue.java:633)
	at java.awt.EventQueue$2.run(EventQueue.java:631)
	at java.security.AccessController.doPrivileged(Native Method)
	at java.security.AccessControlContext$1.doIntersectionPrivilege(AccessControlContext.java:87)
	at java.awt.EventQueue.dispatchEvent(EventQueue.java:642)
	at java.awt.EventDispatchThread.pumpOneEventForFilters(EventDispatchThread.java:269)
	at java.awt.EventDispatchThread.pumpEventsForFilter(EventDispatchThread.java:184)
	at java.awt.EventDispatchThread.pumpEventsForHierarchy(EventDispatchThread.java:174)
	at java.awt.EventDispatchThread.pumpEvents(EventDispatchThread.java:169)
	at java.awt.EventDispatchThread.pumpEvents(EventDispatchThread.java:161)
	at java.awt.EventDispatchThread.run(EventDispatchThread.java:122)
Caused by: com.fasterxml.jackson.core.JsonParseException: Unexpected character ('<' (code 60)): expected a valid value (number, String, array, object, 'true', 'false' or 'null')
 at [Source: <br /><b>Parse error</b>:  syntax error, unexpected '.', expecting ')' in <b>/usr/www/jacklenhart/public/ServerQuery/USMCChaserLauncher.php</b> on line <b>14</b><br />; line: 1, column: 2]
	at com.fasterxml.jackson.core.JsonParser._constructError(JsonParser.java:1581)
	at com.fasterxml.jackson.core.base.ParserMinimalBase._reportError(ParserMinimalBase.java:533)
	at com.fasterxml.jackson.core.base.ParserMinimalBase._reportUnexpectedChar(ParserMinimalBase.java:462)
	at com.fasterxml.jackson.core.json.ReaderBasedJsonParser._handleOddValue(ReaderBasedJsonParser.java:1624)
	at com.fasterxml.jackson.core.json.ReaderBasedJsonParser.nextToken(ReaderBasedJsonParser.java:689)
	at com.fasterxml.jackson.databind.ObjectMapper._initForReading(ObjectMapper.java:3776)
	at com.fasterxml.jackson.databind.ObjectMapper._readMapAndClose(ObjectMapper.java:3721)
	at com.fasterxml.jackson.databind.ObjectMapper.readValue(ObjectMapper.java:2726)
	at com.usmcchaserlauncher.controller.USMCChaserLauncherController.getVersionInfo(USMCChaserLauncherController.java:193)
	at com.usmcchaserlauncher.view.LauncherView$2.doInBackground(LauncherView.java:240)
	at com.usmcchaserlauncher.view.LauncherView$2.doInBackground(LauncherView.java:1)
	at javax.swing.SwingWorker$1.call(SwingWorker.java:277)
	at java.util.concurrent.FutureTask$Sync.innerRun(FutureTask.java:303)
	at java.util.concurrent.FutureTask.run(FutureTask.java:138)
	at javax.swing.SwingWorker.run(SwingWorker.java:316)
	at java.util.concurrent.ThreadPoolExecutor$Worker.runTask(ThreadPoolExecutor.java:895)
	at java.util.concurrent.ThreadPoolExecutor$Worker.run(ThreadPoolExecutor.java:918)
	at java.lang.Thread.run(Thread.java:662)
2018-04-29 11:41:42 ERROR LauncherView:682 - Error getting version information. Please check your network connection.
java.util.concurrent.ExecutionException: com.fasterxml.jackson.core.JsonParseException: Unexpected character ('<' (code 60)): expected a valid value (number, String, array, object, 'true', 'false' or 'null')
 at [Source: <br /><b>Parse error</b>:  syntax error, unexpected '.', expecting ')' in <b>/usr/www/jacklenhart/public/ServerQuery/USMCChaserLauncher.php</b> on line <b>14</b><br />; line: 1, column: 2]
	at java.util.concurrent.FutureTask$Sync.innerGet(FutureTask.java:222)
	at java.util.concurrent.FutureTask.get(FutureTask.java:83)
	at javax.swing.SwingWorker.get(SwingWorker.java:582)
	at com.usmcchaserlauncher.view.LauncherView$2.done(LauncherView.java:248)
	at javax.swing.SwingWorker$5.run(SwingWorker.java:717)
	at javax.swing.SwingWorker$DoSubmitAccumulativeRunnable.run(SwingWorker.java:814)
	at sun.swing.AccumulativeRunnable.run(AccumulativeRunnable.java:95)
	at javax.swing.SwingWorker$DoSubmitAccumulativeRunnable.actionPerformed(SwingWorker.java:824)
	at javax.swing.Timer.fireActionPerformed(Timer.java:291)
	at javax.swing.Timer$DoPostEvent.run(Timer.java:221)
	at java.awt.event.InvocationEvent.dispatch(InvocationEvent.java:209)
	at java.awt.EventQueue.dispatchEventImpl(EventQueue.java:672)
	at java.awt.EventQueue.access$400(EventQueue.java:81)
	at java.awt.EventQueue$2.run(EventQueue.java:633)
	at java.awt.EventQueue$2.run(EventQueue.java:631)
	at java.security.AccessController.doPrivileged(Native Method)
	at java.security.AccessControlContext$1.doIntersectionPrivilege(AccessControlContext.java:87)
	at java.awt.EventQueue.dispatchEvent(EventQueue.java:642)
	at java.awt.EventDispatchThread.pumpOneEventForFilters(EventDispatchThread.java:269)
	at java.awt.EventDispatchThread.pumpEventsForFilter(EventDispatchThread.java:184)
	at java.awt.EventDispatchThread.pumpEventsForHierarchy(EventDispatchThread.java:174)
	at java.awt.EventDispatchThread.pumpEvents(EventDispatchThread.java:169)
	at java.awt.EventDispatchThread.pumpEvents(EventDispatchThread.java:161)
	at java.awt.EventDispatchThread.run(EventDispatchThread.java:122)
Caused by: com.fasterxml.jackson.core.JsonParseException: Unexpected character ('<' (code 60)): expected a valid value (number, String, array, object, 'true', 'false' or 'null')
 at [Source: <br /><b>Parse error</b>:  syntax error, unexpected '.', expecting ')' in <b>/usr/www/jacklenhart/public/ServerQuery/USMCChaserLauncher.php</b> on line <b>14</b><br />; line: 1, column: 2]
	at com.fasterxml.jackson.core.JsonParser._constructError(JsonParser.java:1581)
	at com.fasterxml.jackson.core.base.ParserMinimalBase._reportError(ParserMinimalBase.java:533)
	at com.fasterxml.jackson.core.base.ParserMinimalBase._reportUnexpectedChar(ParserMinimalBase.java:462)
	at com.fasterxml.jackson.core.json.ReaderBasedJsonParser._handleOddValue(ReaderBasedJsonParser.java:1624)
	at com.fasterxml.jackson.core.json.ReaderBasedJsonParser.nextToken(ReaderBasedJsonParser.java:689)
	at com.fasterxml.jackson.databind.ObjectMapper._initForReading(ObjectMapper.java:3776)
	at com.fasterxml.jackson.databind.ObjectMapper._readMapAndClose(ObjectMapper.java:3721)
	at com.fasterxml.jackson.databind.ObjectMapper.readValue(ObjectMapper.java:2726)
	at com.usmcchaserlauncher.controller.USMCChaserLauncherController.getVersionInfo(USMCChaserLauncherController.java:193)
	at com.usmcchaserlauncher.view.LauncherView$2.doInBackground(LauncherView.java:240)
	at com.usmcchaserlauncher.view.LauncherView$2.doInBackground(LauncherView.java:1)
	at javax.swing.SwingWorker$1.call(SwingWorker.java:277)
	at java.util.concurrent.FutureTask$Sync.innerRun(FutureTask.java:303)
	at java.util.concurrent.FutureTask.run(FutureTask.java:138)
	at javax.swing.SwingWorker.run(SwingWorker.java:316)
	at java.util.concurrent.ThreadPoolExecutor$Worker.runTask(ThreadPoolExecutor.java:895)
	at java.util.concurrent.ThreadPoolExecutor$Worker.run(ThreadPoolExecutor.java:918)
	at java.lang.Thread.run(Thread.java:662)
2018-04-29 11:43:17 INFO  LauncherView:255 - Closing application due to forced update.
2018-04-29 11:46:03 INFO  LauncherView:255 - Closing application due to forced update.
2018-04-29 12:17:16 ERROR LauncherView:693 - Error getting version information. Please check your network connection. The application will be aborted now.
java.util.concurrent.ExecutionException: java.net.UnknownHostException: www.usmcchaser.com
	at java.util.concurrent.FutureTask$Sync.innerGet(FutureTask.java:222)
	at java.util.concurrent.FutureTask.get(FutureTask.java:83)
	at javax.swing.SwingWorker.get(SwingWorker.java:582)
	at com.usmcchaserlauncher.view.LauncherView$2.done(LauncherView.java:258)
	at javax.swing.SwingWorker$5.run(SwingWorker.java:717)
	at javax.swing.SwingWorker$DoSubmitAccumulativeRunnable.run(SwingWorker.java:814)
	at sun.swing.AccumulativeRunnable.run(AccumulativeRunnable.java:95)
	at javax.swing.SwingWorker$DoSubmitAccumulativeRunnable.actionPerformed(SwingWorker.java:824)
	at javax.swing.Timer.fireActionPerformed(Timer.java:291)
	at javax.swing.Timer$DoPostEvent.run(Timer.java:221)
	at java.awt.event.InvocationEvent.dispatch(InvocationEvent.java:209)
	at java.awt.EventQueue.dispatchEventImpl(EventQueue.java:672)
	at java.awt.EventQueue.access$400(EventQueue.java:81)
	at java.awt.EventQueue$2.run(EventQueue.java:633)
	at java.awt.EventQueue$2.run(EventQueue.java:631)
	at java.security.AccessController.doPrivileged(Native Method)
	at java.security.AccessControlContext$1.doIntersectionPrivilege(AccessControlContext.java:87)
	at java.awt.EventQueue.dispatchEvent(EventQueue.java:642)
	at java.awt.EventDispatchThread.pumpOneEventForFilters(EventDispatchThread.java:269)
	at java.awt.EventDispatchThread.pumpEventsForFilter(EventDispatchThread.java:184)
	at java.awt.EventDispatchThread.pumpEventsForHierarchy(EventDispatchThread.java:174)
	at java.awt.EventDispatchThread.pumpEvents(EventDispatchThread.java:169)
	at java.awt.EventDispatchThread.pumpEvents(EventDispatchThread.java:161)
	at java.awt.EventDispatchThread.run(EventDispatchThread.java:122)
Caused by: java.net.UnknownHostException: www.usmcchaser.com
	at java.net.PlainSocketImpl.connect(PlainSocketImpl.java:195)
	at java.net.SocksSocketImpl.connect(SocksSocketImpl.java:366)
	at java.net.Socket.connect(Socket.java:529)
	at java.net.Socket.connect(Socket.java:478)
	at sun.net.NetworkClient.doConnect(NetworkClient.java:163)
	at sun.net.www.http.HttpClient.openServer(HttpClient.java:411)
	at sun.net.www.http.HttpClient.openServer(HttpClient.java:525)
	at sun.net.www.http.HttpClient.<init>(HttpClient.java:208)
	at sun.net.www.http.HttpClient.New(HttpClient.java:291)
	at sun.net.www.http.HttpClient.New(HttpClient.java:310)
	at sun.net.www.protocol.http.HttpURLConnection.getNewHttpClient(HttpURLConnection.java:987)
	at sun.net.www.protocol.http.HttpURLConnection.plainConnect(HttpURLConnection.java:923)
	at sun.net.www.protocol.http.HttpURLConnection.connect(HttpURLConnection.java:841)
	at sun.net.www.protocol.http.HttpURLConnection.getInputStream(HttpURLConnection.java:1195)
	at com.usmcchaserlauncher.controller.USMCChaserLauncherController.getVersionInfo(USMCChaserLauncherController.java:182)
	at com.usmcchaserlauncher.view.LauncherView$2.doInBackground(LauncherView.java:250)
	at com.usmcchaserlauncher.view.LauncherView$2.doInBackground(LauncherView.java:1)
	at javax.swing.SwingWorker$1.call(SwingWorker.java:277)
	at java.util.concurrent.FutureTask$Sync.innerRun(FutureTask.java:303)
	at java.util.concurrent.FutureTask.run(FutureTask.java:138)
	at javax.swing.SwingWorker.run(SwingWorker.java:316)
	at java.util.concurrent.ThreadPoolExecutor$Worker.runTask(ThreadPoolExecutor.java:895)
	at java.util.concurrent.ThreadPoolExecutor$Worker.run(ThreadPoolExecutor.java:918)
	at java.lang.Thread.run(Thread.java:662)
2018-04-29 12:17:16 INFO  LauncherView:274 - Stop launcher because no internet connection was found.
java.util.concurrent.ExecutionException: java.net.UnknownHostException: www.usmcchaser.com
	at java.util.concurrent.FutureTask$Sync.innerGet(FutureTask.java:222)
	at java.util.concurrent.FutureTask.get(FutureTask.java:83)
	at javax.swing.SwingWorker.get(SwingWorker.java:582)
	at com.usmcchaserlauncher.view.LauncherView$2.done(LauncherView.java:258)
	at javax.swing.SwingWorker$5.run(SwingWorker.java:717)
	at javax.swing.SwingWorker$DoSubmitAccumulativeRunnable.run(SwingWorker.java:814)
	at sun.swing.AccumulativeRunnable.run(AccumulativeRunnable.java:95)
	at javax.swing.SwingWorker$DoSubmitAccumulativeRunnable.actionPerformed(SwingWorker.java:824)
	at javax.swing.Timer.fireActionPerformed(Timer.java:291)
	at javax.swing.Timer$DoPostEvent.run(Timer.java:221)
	at java.awt.event.InvocationEvent.dispatch(InvocationEvent.java:209)
	at java.awt.EventQueue.dispatchEventImpl(EventQueue.java:672)
	at java.awt.EventQueue.access$400(EventQueue.java:81)
	at java.awt.EventQueue$2.run(EventQueue.java:633)
	at java.awt.EventQueue$2.run(EventQueue.java:631)
	at java.security.AccessController.doPrivileged(Native Method)
	at java.security.AccessControlContext$1.doIntersectionPrivilege(AccessControlContext.java:87)
	at java.awt.EventQueue.dispatchEvent(EventQueue.java:642)
	at java.awt.EventDispatchThread.pumpOneEventForFilters(EventDispatchThread.java:269)
	at java.awt.EventDispatchThread.pumpEventsForFilter(EventDispatchThread.java:184)
	at java.awt.EventDispatchThread.pumpEventsForHierarchy(EventDispatchThread.java:174)
	at java.awt.EventDispatchThread.pumpEvents(EventDispatchThread.java:169)
	at java.awt.EventDispatchThread.pumpEvents(EventDispatchThread.java:161)
	at java.awt.EventDispatchThread.run(EventDispatchThread.java:122)
Caused by: java.net.UnknownHostException: www.usmcchaser.com
	at java.net.PlainSocketImpl.connect(PlainSocketImpl.java:195)
	at java.net.SocksSocketImpl.connect(SocksSocketImpl.java:366)
	at java.net.Socket.connect(Socket.java:529)
	at java.net.Socket.connect(Socket.java:478)
	at sun.net.NetworkClient.doConnect(NetworkClient.java:163)
	at sun.net.www.http.HttpClient.openServer(HttpClient.java:411)
	at sun.net.www.http.HttpClient.openServer(HttpClient.java:525)
	at sun.net.www.http.HttpClient.<init>(HttpClient.java:208)
	at sun.net.www.http.HttpClient.New(HttpClient.java:291)
	at sun.net.www.http.HttpClient.New(HttpClient.java:310)
	at sun.net.www.protocol.http.HttpURLConnection.getNewHttpClient(HttpURLConnection.java:987)
	at sun.net.www.protocol.http.HttpURLConnection.plainConnect(HttpURLConnection.java:923)
	at sun.net.www.protocol.http.HttpURLConnection.connect(HttpURLConnection.java:841)
	at sun.net.www.protocol.http.HttpURLConnection.getInputStream(HttpURLConnection.java:1195)
	at com.usmcchaserlauncher.controller.USMCChaserLauncherController.getVersionInfo(USMCChaserLauncherController.java:182)
	at com.usmcchaserlauncher.view.LauncherView$2.doInBackground(LauncherView.java:250)
	at com.usmcchaserlauncher.view.LauncherView$2.doInBackground(LauncherView.java:1)
	at javax.swing.SwingWorker$1.call(SwingWorker.java:277)
	at java.util.concurrent.FutureTask$Sync.innerRun(FutureTask.java:303)
	at java.util.concurrent.FutureTask.run(FutureTask.java:138)
	at javax.swing.SwingWorker.run(SwingWorker.java:316)
	at java.util.concurrent.ThreadPoolExecutor$Worker.runTask(ThreadPoolExecutor.java:895)
	at java.util.concurrent.ThreadPoolExecutor$Worker.run(ThreadPoolExecutor.java:918)
	at java.lang.Thread.run(Thread.java:662)
